2018-12-12 11:30:20 - MOD: Modification Default

FILE: system/engine/action.php
REGEX: ~(require|include)(_once)?\(([^)]+)~
LINE: 41

FILE: system/engine/loader.php
REGEX: ~(require|include)(_once)?\(([^)]+)~
LINE: 49
LINE: 108
LINE: 120
LINE: 165

FILE: system/library/config.php
REGEX: ~(require|include)(_once)?\(([^)]+)~
LINE: 23

FILE: system/library/language.php
REGEX: ~(require|include)(_once)?\(([^)]+)~
LINE: 38
LINE: 40
LINE: 49
LINE: 51
LINE: 60
LINE: 62

FILE: system/library/template/php.php
REGEX: ~(require|include)(_once)?\(([^)]+)~
LINE: 18

FILE: system/library/template/tiwg.php
REGEX: ~(require|include)(_once)?\(([^)]+)~
LINE: 24
----------------------------------------------------------------
MOD: Ajax Quick Checkout

FILE: catalog/controller/checkout/checkout.php
CODE: if (file_exists(DIR_TEMPLATE . $this->config->get('config_template') . '/template/checkout/checkout.tpl')) {
NOT FOUND - OPERATIONS ABORTED!
CODE: $this->response->setOutput($this->load->view('checkout/checkout', $data));
LINE: 95
CODE: $data['header'] = $this->load->controller('common/header');
LINE: 98

FILE: system/library/cart/tax.php
CODE: final class Tax {
LINE: 8
----------------------------------------------------------------
MOD: Auto URL by WDM

FILE: admin/view/template/common/header.tpl
CODE: </head>
LINE: 35

FILE: admin/view/template/catalog/product_form.tpl
CODE: <?php foreach ($languages as $language) { ?>
LINE: 54
CODE: <?php echo $footer; ?>
LINE: 1449
CODE: name="product_description[<?php echo $language['language_id']; ?>][name]"
LINE: 64
CODE: id="input-meta-title<?php echo $language['language_id']; ?>" class="form-control"
LINE: 79
CODE: name="keyword"
LINE: 246

FILE: admin/view/template/catalog/category_form.tpl
CODE: <?php foreach ($languages as $language) { ?>
LINE: 46
CODE: <?php echo $footer; ?>
LINE: 338
CODE: name="category_description[<?php echo $language['language_id']; ?>][name]"
LINE: 56
CODE: id="input-meta-title<?php echo $language['language_id']; ?>" class="form-control"
LINE: 71
CODE: name="keyword"
LINE: 151

FILE: admin/controller/catalog/manufacturer.php
CODE: protected function getForm() {
LINE: 262

FILE: admin/view/template/catalog/manufacturer_form.tpl
CODE: <?php echo $column_left; ?>
LINE: 11
CODE: <?php echo $footer; ?>
LINE: 118
CODE: name="name"
LINE: 41
CODE: name="keyword"
LINE: 81

FILE: admin/view/template/catalog/information_form.tpl
CODE: <?php foreach ($languages as $language) { ?>
LINE: 46
CODE: <?php echo $footer; ?>
LINE: 250
CODE: name="information_description[<?php echo $language['language_id']; ?>][title]"
LINE: 56
CODE: id="input-meta-title<?php echo $language['language_id']; ?>" class="form-control"
LINE: 74
CODE: name="keyword"
LINE: 131
----------------------------------------------------------------
MOD: Cache Cleaner

FILE: admin/controller/common/header.php
CODE: $data['text_logout'] = $this->language->get('text_logout');
LINE: 55
CODE: $data['logged'] = true;
LINE: 69
CODE: <li class="dropdown"><a class="dropdown-toggle" data-toggle="dropdown"><i class="fa fa-life-ring fa-lg"></i></a>
LINE: 89
CODE: <ul class="nav pull-right">
LINE: 82
----------------------------------------------------------------
MOD: Category Meta Title

FILE: catalog/controller/product/category.php
CODE: $data['heading_title'] = $category_info['name'];
LINE: 99
----------------------------------------------------------------
MOD: Disable Popup

FILE: catalog/controller/product/product.php
CODE: $this->document->addScript('catalog/view/javascript/jquery/magnific/jquery.magnific-popup.min.js');
LINE: 220
CODE: $this->document->addStyle('catalog/view/javascript/jquery/magnific/magnific-popup.css');
LINE: 223
----------------------------------------------------------------
MOD: Footer Information

FILE: catalog/controller/common/footer.php
CODE: $this->load->language('common/footer');
LINE: 24
----------------------------------------------------------------
MOD: Header Information

FILE: catalog/controller/common/header.php
CODE: $data['name'] = $this->config->get('config_name');
LINE: 51
----------------------------------------------------------------
MOD: Local copy OCMOD by iSenseLabs

FILE: admin/controller/extension/installer.php
CODE: 'url'  => str_replace('&amp;', '&', $this->url->link('extension/installer/ftp', 'token=' . $this->session->data['token'],
LINE: 131
CODE: public function unzip() {
LINE: 292
----------------------------------------------------------------
MOD: SEO Pro 230x

FILE: system/config/catalog.php
CODE: $_['action_pre_action'] = array(
LINE: 38
CODE: 'startup/seo_url'
LINE: 44

FILE: admin/controller/catalog/product.php
CODE: $data['entry_recurring'] = $this->language->get('entry_recurring');
LINE: 615
CODE: // Filters
LINE: 1055

FILE: admin/language/en-gb/catalog/product.php
CODE: // Entry
LINE: 27

FILE: admin/language/ru-ru/catalog/product.php
CODE: // Entry
LINE: 27

FILE: admin/model/catalog/product.php
CODE: if (isset($data['product_related'])) {
LINE: 96
LINE: 248
CODE: public function getProductRelated($product_id) {
LINE: 614
CODE: <label class="col-sm-2 control-label" for="input-category"><span data-toggle="tooltip" title="<?php echo $help_category; ?>"><?php echo $entry_category; ?></span></label>
LINE: 357
CODE: $('#product-category').append('<div id="product-category' + item['value'] + '"><i class="fa fa-minus-circle"></i> ' + item['label'] + '<input type="hidden" name="product_category[]" value="' + item['value'] + '" /></div>');
LINE: 1005
CODE: $('#product-category').delegate('.fa-minus-circle', 'click', function() {
LINE: 1012

FILE: admin/controller/setting/setting.php
CODE: $data['heading_title'] = $this->language->get('heading_title');
LINE: 32
CODE: if (isset($this->request->post['config_file_max_size'])) {
LINE: 1106

FILE: admin/language/en-gb/setting/setting.php
CODE: // Entry
LINE: 44

FILE: admin/language/ru-ru/setting/setting.php
CODE: // Entry
LINE: 44

FILE: admin/view/template/setting/setting.tpl
CODE: <label class="col-sm-2 control-label" for="input-robots"><span data-toggle="tooltip" title="<?php echo $help_robots; ?>"><?php echo $entry_robots; ?></span></label>
LINE: 1266
----------------------------------------------------------------
MOD: {TS} Quick Registration FREE by TobikSoft.com

FILE: catalog/controller/account/register.php
CODE: public function index() {
LINE: 9
----------------------------------------------------------------
MOD: Удаление модулей
CODE: $data['header'] = $this->load->controller('common/header');
LINE: 50
CODE: $data['token'] = $this->session->data['token'];
LINE: 42
CODE: move_uploaded_file($this->request->files['file']['tmp_name'], $file);
LINE: 119
LINE: 157
CODE: $zip_name = zip_entry_name($entry);
LINE: 222
CODE: $json['success'] = $this->language->get('text_success');
LINE: 746
CODE: $json['error'] = sprintf($this->language->get('error_exists'), $modification_info['name']);
LINE: 623
CODE: public function unzip() {
LINE: 507
CODE: 'url'  => str_replace('&amp;', '&', $this->url->link('extension/installer/ftp', 'token=' . $this->session->data['token'], 'SSL')),
NOT FOUND - OPERATION SKIPPED!
CODE: 'url'  => str_replace('&amp;', '&', $this->url->link('extension/installer/ftp', 'token=' . $this->session->data['token'], true)),
NOT FOUND - OPERATION SKIPPED!
CODE: 'url'  => str_replace('&amp;', '&', $this->url->link('extension/installer/localcopy', 'token=' . $this->session->data['token'], 'SSL')),
NOT FOUND - OPERATION SKIPPED!
CODE: 'url'  => str_replace('&amp;', '&', $this->url->link('extension/installer/localcopy', 'token=' . $this->session->data['token'], true)),
LINE: 173

FILE: admin/controller/extension/modification.php
CODE: $this->response->redirect
LINE: 52
LINE: 453
LINE: 525
LINE: 562
LINE: 599
LINE: 634

FILE: admin/language/en-gb/extension/installer.php
CODE: <?php
LINE: 8

FILE: admin/language/ru-ru/extension/installer.php
CODE: <?php
LINE: 8

FILE: admin/language/en-gb/common/column_left.php
CODE: <?php
LINE: 4

FILE: admin/language/ru-ru/common/column_left.php
CODE: <?php
LINE: 4

FILE: admin/controller/common/column_left.php
CODE: if ($this->user->hasPermission('access', 'extension/extension')) {
LINE: 184
----------------------------------------------------------------
2018-12-12 11:30:31 - MOD: Modification Default

FILE: system/engine/action.php
REGEX: ~(require|include)(_once)?\(([^)]+)~
LINE: 41

FILE: system/engine/loader.php
REGEX: ~(require|include)(_once)?\(([^)]+)~
LINE: 49
LINE: 108
LINE: 120
LINE: 165

FILE: system/library/config.php
REGEX: ~(require|include)(_once)?\(([^)]+)~
LINE: 23

FILE: system/library/language.php
REGEX: ~(require|include)(_once)?\(([^)]+)~
LINE: 38
LINE: 40
LINE: 49
LINE: 51
LINE: 60
LINE: 62

FILE: system/library/template/php.php
REGEX: ~(require|include)(_once)?\(([^)]+)~
LINE: 18

FILE: system/library/template/tiwg.php
REGEX: ~(require|include)(_once)?\(([^)]+)~
LINE: 24
----------------------------------------------------------------
MOD: Ajax Quick Checkout

FILE: catalog/controller/checkout/checkout.php
CODE: if (file_exists(DIR_TEMPLATE . $this->config->get('config_template') . '/template/checkout/checkout.tpl')) {
NOT FOUND - OPERATIONS ABORTED!
CODE: $this->response->setOutput($this->load->view('checkout/checkout', $data));
LINE: 95
CODE: $data['header'] = $this->load->controller('common/header');
LINE: 98

FILE: system/library/cart/tax.php
CODE: final class Tax {
LINE: 8
----------------------------------------------------------------
MOD: Auto URL by WDM

FILE: admin/view/template/common/header.tpl
CODE: </head>
LINE: 35

FILE: admin/view/template/catalog/product_form.tpl
CODE: <?php foreach ($languages as $language) { ?>
LINE: 54
CODE: <?php echo $footer; ?>
LINE: 1449
CODE: name="product_description[<?php echo $language['language_id']; ?>][name]"
LINE: 64
CODE: id="input-meta-title<?php echo $language['language_id']; ?>" class="form-control"
LINE: 79
CODE: name="keyword"
LINE: 246

FILE: admin/view/template/catalog/category_form.tpl
CODE: <?php foreach ($languages as $language) { ?>
LINE: 46
CODE: <?php echo $footer; ?>
LINE: 338
CODE: name="category_description[<?php echo $language['language_id']; ?>][name]"
LINE: 56
CODE: id="input-meta-title<?php echo $language['language_id']; ?>" class="form-control"
LINE: 71
CODE: name="keyword"
LINE: 151

FILE: admin/controller/catalog/manufacturer.php
CODE: protected function getForm() {
LINE: 262

FILE: admin/view/template/catalog/manufacturer_form.tpl
CODE: <?php echo $column_left; ?>
LINE: 11
CODE: <?php echo $footer; ?>
LINE: 118
CODE: name="name"
LINE: 41
CODE: name="keyword"
LINE: 81

FILE: admin/view/template/catalog/information_form.tpl
CODE: <?php foreach ($languages as $language) { ?>
LINE: 46
CODE: <?php echo $footer; ?>
LINE: 250
CODE: name="information_description[<?php echo $language['language_id']; ?>][title]"
LINE: 56
CODE: id="input-meta-title<?php echo $language['language_id']; ?>" class="form-control"
LINE: 74
CODE: name="keyword"
LINE: 131
----------------------------------------------------------------
MOD: Cache Cleaner

FILE: admin/controller/common/header.php
CODE: $data['text_logout'] = $this->language->get('text_logout');
LINE: 55
CODE: $data['logged'] = true;
LINE: 69
CODE: <li class="dropdown"><a class="dropdown-toggle" data-toggle="dropdown"><i class="fa fa-life-ring fa-lg"></i></a>
LINE: 89
CODE: <ul class="nav pull-right">
LINE: 82
----------------------------------------------------------------
MOD: Category Meta Title

FILE: catalog/controller/product/category.php
CODE: $data['heading_title'] = $category_info['name'];
LINE: 99
----------------------------------------------------------------
MOD: Disable Popup

FILE: catalog/controller/product/product.php
CODE: $this->document->addScript('catalog/view/javascript/jquery/magnific/jquery.magnific-popup.min.js');
LINE: 220
CODE: $this->document->addStyle('catalog/view/javascript/jquery/magnific/magnific-popup.css');
LINE: 223
----------------------------------------------------------------
MOD: Footer Information

FILE: catalog/controller/common/footer.php
CODE: $this->load->language('common/footer');
LINE: 24
----------------------------------------------------------------
MOD: Header Information

FILE: catalog/controller/common/header.php
CODE: $data['name'] = $this->config->get('config_name');
LINE: 51
----------------------------------------------------------------
MOD: Local copy OCMOD by iSenseLabs

FILE: admin/controller/extension/installer.php
CODE: 'url'  => str_replace('&amp;', '&', $this->url->link('extension/installer/ftp', 'token=' . $this->session->data['token'],
LINE: 131
CODE: public function unzip() {
LINE: 292
----------------------------------------------------------------
MOD: SEO Pro 230x

FILE: system/config/catalog.php
CODE: $_['action_pre_action'] = array(
LINE: 38
CODE: 'startup/seo_url'
LINE: 44

FILE: admin/controller/catalog/product.php
CODE: $data['entry_recurring'] = $this->language->get('entry_recurring');
LINE: 615
CODE: // Filters
LINE: 1055

FILE: admin/language/en-gb/catalog/product.php
CODE: // Entry
LINE: 27

FILE: admin/language/ru-ru/catalog/product.php
CODE: // Entry
LINE: 27

FILE: admin/model/catalog/product.php
CODE: if (isset($data['product_related'])) {
LINE: 96
LINE: 248
CODE: public function getProductRelated($product_id) {
LINE: 614
CODE: <label class="col-sm-2 control-label" for="input-category"><span data-toggle="tooltip" title="<?php echo $help_category; ?>"><?php echo $entry_category; ?></span></label>
LINE: 357
CODE: $('#product-category').append('<div id="product-category' + item['value'] + '"><i class="fa fa-minus-circle"></i> ' + item['label'] + '<input type="hidden" name="product_category[]" value="' + item['value'] + '" /></div>');
LINE: 1005
CODE: $('#product-category').delegate('.fa-minus-circle', 'click', function() {
LINE: 1012

FILE: admin/controller/setting/setting.php
CODE: $data['heading_title'] = $this->language->get('heading_title');
LINE: 32
CODE: if (isset($this->request->post['config_file_max_size'])) {
LINE: 1106

FILE: admin/language/en-gb/setting/setting.php
CODE: // Entry
LINE: 44

FILE: admin/language/ru-ru/setting/setting.php
CODE: // Entry
LINE: 44

FILE: admin/view/template/setting/setting.tpl
CODE: <label class="col-sm-2 control-label" for="input-robots"><span data-toggle="tooltip" title="<?php echo $help_robots; ?>"><?php echo $entry_robots; ?></span></label>
LINE: 1266
----------------------------------------------------------------
MOD: {TS} Quick Registration FREE by TobikSoft.com

FILE: catalog/controller/account/register.php
CODE: public function index() {
LINE: 9
----------------------------------------------------------------
MOD: Удаление модулей
CODE: $data['header'] = $this->load->controller('common/header');
LINE: 50
CODE: $data['token'] = $this->session->data['token'];
LINE: 42
CODE: move_uploaded_file($this->request->files['file']['tmp_name'], $file);
LINE: 119
LINE: 157
CODE: $zip_name = zip_entry_name($entry);
LINE: 222
CODE: $json['success'] = $this->language->get('text_success');
LINE: 746
CODE: $json['error'] = sprintf($this->language->get('error_exists'), $modification_info['name']);
LINE: 623
CODE: public function unzip() {
LINE: 507
CODE: 'url'  => str_replace('&amp;', '&', $this->url->link('extension/installer/ftp', 'token=' . $this->session->data['token'], 'SSL')),
NOT FOUND - OPERATION SKIPPED!
CODE: 'url'  => str_replace('&amp;', '&', $this->url->link('extension/installer/ftp', 'token=' . $this->session->data['token'], true)),
NOT FOUND - OPERATION SKIPPED!
CODE: 'url'  => str_replace('&amp;', '&', $this->url->link('extension/installer/localcopy', 'token=' . $this->session->data['token'], 'SSL')),
NOT FOUND - OPERATION SKIPPED!
CODE: 'url'  => str_replace('&amp;', '&', $this->url->link('extension/installer/localcopy', 'token=' . $this->session->data['token'], true)),
LINE: 173

FILE: admin/controller/extension/modification.php
CODE: $this->response->redirect
LINE: 52
LINE: 453
LINE: 525
LINE: 562
LINE: 599
LINE: 634

FILE: admin/language/en-gb/extension/installer.php
CODE: <?php
LINE: 8

FILE: admin/language/ru-ru/extension/installer.php
CODE: <?php
LINE: 8

FILE: admin/language/en-gb/common/column_left.php
CODE: <?php
LINE: 4

FILE: admin/language/ru-ru/common/column_left.php
CODE: <?php
LINE: 4

FILE: admin/controller/common/column_left.php
CODE: if ($this->user->hasPermission('access', 'extension/extension')) {
LINE: 184
----------------------------------------------------------------
2018-12-12 11:32:46 - MOD: Modification Default

FILE: system/engine/action.php
REGEX: ~(require|include)(_once)?\(([^)]+)~
LINE: 41

FILE: system/engine/loader.php
REGEX: ~(require|include)(_once)?\(([^)]+)~
LINE: 49
LINE: 108
LINE: 120
LINE: 165

FILE: system/library/config.php
REGEX: ~(require|include)(_once)?\(([^)]+)~
LINE: 23

FILE: system/library/language.php
REGEX: ~(require|include)(_once)?\(([^)]+)~
LINE: 38
LINE: 40
LINE: 49
LINE: 51
LINE: 60
LINE: 62

FILE: system/library/template/php.php
REGEX: ~(require|include)(_once)?\(([^)]+)~
LINE: 18

FILE: system/library/template/tiwg.php
REGEX: ~(require|include)(_once)?\(([^)]+)~
LINE: 24
----------------------------------------------------------------
MOD: Ajax Quick Checkout

FILE: catalog/controller/checkout/checkout.php
CODE: if (file_exists(DIR_TEMPLATE . $this->config->get('config_template') . '/template/checkout/checkout.tpl')) {
NOT FOUND - OPERATIONS ABORTED!
CODE: $this->response->setOutput($this->load->view('checkout/checkout', $data));
LINE: 95
CODE: $data['header'] = $this->load->controller('common/header');
LINE: 98

FILE: system/library/cart/tax.php
CODE: final class Tax {
LINE: 8
----------------------------------------------------------------
MOD: Auto URL by WDM

FILE: admin/view/template/common/header.tpl
CODE: </head>
LINE: 35

FILE: admin/view/template/catalog/product_form.tpl
CODE: <?php foreach ($languages as $language) { ?>
LINE: 54
CODE: <?php echo $footer; ?>
LINE: 1449
CODE: name="product_description[<?php echo $language['language_id']; ?>][name]"
LINE: 64
CODE: id="input-meta-title<?php echo $language['language_id']; ?>" class="form-control"
LINE: 79
CODE: name="keyword"
LINE: 246

FILE: admin/view/template/catalog/category_form.tpl
CODE: <?php foreach ($languages as $language) { ?>
LINE: 46
CODE: <?php echo $footer; ?>
LINE: 338
CODE: name="category_description[<?php echo $language['language_id']; ?>][name]"
LINE: 56
CODE: id="input-meta-title<?php echo $language['language_id']; ?>" class="form-control"
LINE: 71
CODE: name="keyword"
LINE: 151

FILE: admin/controller/catalog/manufacturer.php
CODE: protected function getForm() {
LINE: 262

FILE: admin/view/template/catalog/manufacturer_form.tpl
CODE: <?php echo $column_left; ?>
LINE: 11
CODE: <?php echo $footer; ?>
LINE: 118
CODE: name="name"
LINE: 41
CODE: name="keyword"
LINE: 81

FILE: admin/view/template/catalog/information_form.tpl
CODE: <?php foreach ($languages as $language) { ?>
LINE: 46
CODE: <?php echo $footer; ?>
LINE: 250
CODE: name="information_description[<?php echo $language['language_id']; ?>][title]"
LINE: 56
CODE: id="input-meta-title<?php echo $language['language_id']; ?>" class="form-control"
LINE: 74
CODE: name="keyword"
LINE: 131
----------------------------------------------------------------
MOD: Cache Cleaner

FILE: admin/controller/common/header.php
CODE: $data['text_logout'] = $this->language->get('text_logout');
LINE: 55
CODE: $data['logged'] = true;
LINE: 69
CODE: <li class="dropdown"><a class="dropdown-toggle" data-toggle="dropdown"><i class="fa fa-life-ring fa-lg"></i></a>
LINE: 89
CODE: <ul class="nav pull-right">
LINE: 82
----------------------------------------------------------------
MOD: Category Meta Title

FILE: catalog/controller/product/category.php
CODE: $data['heading_title'] = $category_info['name'];
LINE: 99
----------------------------------------------------------------
MOD: Disable Popup

FILE: catalog/controller/product/product.php
CODE: $this->document->addScript('catalog/view/javascript/jquery/magnific/jquery.magnific-popup.min.js');
LINE: 220
CODE: $this->document->addStyle('catalog/view/javascript/jquery/magnific/magnific-popup.css');
LINE: 223
----------------------------------------------------------------
MOD: Footer Information

FILE: catalog/controller/common/footer.php
CODE: $this->load->language('common/footer');
LINE: 24
----------------------------------------------------------------
MOD: Header Information

FILE: catalog/controller/common/header.php
CODE: $data['name'] = $this->config->get('config_name');
LINE: 51
----------------------------------------------------------------
MOD: Local copy OCMOD by iSenseLabs

FILE: admin/controller/extension/installer.php
CODE: 'url'  => str_replace('&amp;', '&', $this->url->link('extension/installer/ftp', 'token=' . $this->session->data['token'],
LINE: 131
CODE: public function unzip() {
LINE: 292
----------------------------------------------------------------
MOD: SEO Pro 230x

FILE: system/config/catalog.php
CODE: $_['action_pre_action'] = array(
LINE: 38
CODE: 'startup/seo_url'
LINE: 44

FILE: admin/controller/catalog/product.php
CODE: $data['entry_recurring'] = $this->language->get('entry_recurring');
LINE: 615
CODE: // Filters
LINE: 1055

FILE: admin/language/en-gb/catalog/product.php
CODE: // Entry
LINE: 27

FILE: admin/language/ru-ru/catalog/product.php
CODE: // Entry
LINE: 27

FILE: admin/model/catalog/product.php
CODE: if (isset($data['product_related'])) {
LINE: 96
LINE: 248
CODE: public function getProductRelated($product_id) {
LINE: 614
CODE: <label class="col-sm-2 control-label" for="input-category"><span data-toggle="tooltip" title="<?php echo $help_category; ?>"><?php echo $entry_category; ?></span></label>
LINE: 357
CODE: $('#product-category').append('<div id="product-category' + item['value'] + '"><i class="fa fa-minus-circle"></i> ' + item['label'] + '<input type="hidden" name="product_category[]" value="' + item['value'] + '" /></div>');
LINE: 1005
CODE: $('#product-category').delegate('.fa-minus-circle', 'click', function() {
LINE: 1012

FILE: admin/controller/setting/setting.php
CODE: $data['heading_title'] = $this->language->get('heading_title');
LINE: 32
CODE: if (isset($this->request->post['config_file_max_size'])) {
LINE: 1106

FILE: admin/language/en-gb/setting/setting.php
CODE: // Entry
LINE: 44

FILE: admin/language/ru-ru/setting/setting.php
CODE: // Entry
LINE: 44

FILE: admin/view/template/setting/setting.tpl
CODE: <label class="col-sm-2 control-label" for="input-robots"><span data-toggle="tooltip" title="<?php echo $help_robots; ?>"><?php echo $entry_robots; ?></span></label>
LINE: 1266
----------------------------------------------------------------
MOD: {TS} Quick Registration FREE by TobikSoft.com

FILE: catalog/controller/account/register.php
CODE: public function index() {
LINE: 9
----------------------------------------------------------------
MOD: Удаление модулей
CODE: $data['header'] = $this->load->controller('common/header');
LINE: 50
CODE: $data['token'] = $this->session->data['token'];
LINE: 42
CODE: move_uploaded_file($this->request->files['file']['tmp_name'], $file);
LINE: 119
LINE: 157
CODE: $zip_name = zip_entry_name($entry);
LINE: 222
CODE: $json['success'] = $this->language->get('text_success');
LINE: 746
CODE: $json['error'] = sprintf($this->language->get('error_exists'), $modification_info['name']);
LINE: 623
CODE: public function unzip() {
LINE: 507
CODE: 'url'  => str_replace('&amp;', '&', $this->url->link('extension/installer/ftp', 'token=' . $this->session->data['token'], 'SSL')),
NOT FOUND - OPERATION SKIPPED!
CODE: 'url'  => str_replace('&amp;', '&', $this->url->link('extension/installer/ftp', 'token=' . $this->session->data['token'], true)),
NOT FOUND - OPERATION SKIPPED!
CODE: 'url'  => str_replace('&amp;', '&', $this->url->link('extension/installer/localcopy', 'token=' . $this->session->data['token'], 'SSL')),
NOT FOUND - OPERATION SKIPPED!
CODE: 'url'  => str_replace('&amp;', '&', $this->url->link('extension/installer/localcopy', 'token=' . $this->session->data['token'], true)),
LINE: 173

FILE: admin/controller/extension/modification.php
CODE: $this->response->redirect
LINE: 52
LINE: 453
LINE: 525
LINE: 562
LINE: 599
LINE: 634

FILE: admin/language/en-gb/extension/installer.php
CODE: <?php
LINE: 8

FILE: admin/language/ru-ru/extension/installer.php
CODE: <?php
LINE: 8

FILE: admin/language/en-gb/common/column_left.php
CODE: <?php
LINE: 4

FILE: admin/language/ru-ru/common/column_left.php
CODE: <?php
LINE: 4

FILE: admin/controller/common/column_left.php
CODE: if ($this->user->hasPermission('access', 'extension/extension')) {
LINE: 184
----------------------------------------------------------------
